INFO  2020-06-03 08:16:29,407 [main] com.hazelcast.simulator.worker.Worker: Hazelcast Simulator Worker
INFO  2020-06-03 08:16:29,409 [main] com.hazelcast.simulator.worker.Worker: Version: 0.12-SNAPSHOT, Commit: 3af896e, Build Time: 12.05.2020 @ 11:13:05 EEST
INFO  2020-06-03 08:16:29,411 [main] com.hazelcast.simulator.worker.Worker: SIMULATOR_HOME: /home/simulator/hazelcast-simulator-0.12-SNAPSHOT

INFO  2020-06-03 08:16:29,413 [main] com.hazelcast.simulator.vendors.VendorDriver: Loading vendor-driver [hazelcast4]
INFO  2020-06-03 08:16:29,457 [main] com.hazelcast.simulator.worker.Worker: ----------------------------------------------------------------------------------------
INFO  2020-06-03 08:16:29,458 [main] com.hazelcast.simulator.worker.Worker: --------------------------- Hazelcast Worker #A1_W1 (member) ---------------------------
INFO  2020-06-03 08:16:29,458 [main] com.hazelcast.simulator.worker.Worker: ----------------------------------------------------------------------------------------
INFO  2020-06-03 08:16:29,458 [main] com.hazelcast.simulator.worker.Worker: java.class.path=/home/simulator/hazelcast-simulator-0.12-SNAPSHOT/workers/2020-06-03__11_13_44/lib/*:/home/simulator/hazelcast-simulator-0.12-SNAPSHOT/workers/2020-06-03__11_13_44/A1_W1-3.83.248.216-member/upload/*:/home/simulator/hazelcast-simulator-0.12-SNAPSHOT/user-lib/*:/home/simulator/hazelcast-simulator-0.12-SNAPSHOT/lib/simulator-0.12-SNAPSHOT.jar:/home/simulator/hazelcast-simulator-0.12-SNAPSHOT/lib/activemq-broker-5.15.11.jar:/home/simulator/hazelcast-simulator-0.12-SNAPSHOT/lib/activemq-client-5.15.11.jar:/home/simulator/hazelcast-simulator-0.12-SNAPSHOT/lib/geronimo-jms_1.1_spec-1.1.1.jar:/home/simulator/hazelcast-simulator-0.12-SNAPSHOT/lib/geronimo-j2ee-management_1.1_spec-1.0.1.jar:/home/simulator/hazelcast-simulator-0.12-SNAPSHOT/lib/slf4j-api-1.7.25.jar:/home/simulator/hazelcast-simulator-0.12-SNAPSHOT/lib/hawtbuf-1.11.jar:/home/simulator/hazelcast-simulator-0.12-SNAPSHOT/lib/affinity-3.2.2.jar:/home/simulator/hazelcast-simulator-0.12-SNAPSHOT/lib/jna-4.2.1.jar:/home/simulator/hazelcast-simulator-0.12-SNAPSHOT/lib/jna-platform-4.2.1.jar:/home/simulator/hazelcast-simulator-0.12-SNAPSHOT/lib/cache-api-1.0.0.jar:/home/simulator/hazelcast-simulator-0.12-SNAPSHOT/lib/commons-codec-1.10.jar:/home/simulator/hazelcast-simulator-0.12-SNAPSHOT/lib/commons-lang3-3.4.jar:/home/simulator/hazelcast-simulator-0.12-SNAPSHOT/lib/freemarker-2.3.29.jar:/home/simulator/hazelcast-simulator-0.12-SNAPSHOT/lib/gson-2.6.2.jar:/home/simulator/hazelcast-simulator-0.12-SNAPSHOT/lib/HdrHistogram-2.1.12.jar:/home/simulator/hazelcast-simulator-0.12-SNAPSHOT/lib/jopt-simple-4.9.jar:/home/simulator/hazelcast-simulator-0.12-SNAPSHOT/lib/junit-4.12.jar:/home/simulator/hazelcast-simulator-0.12-SNAPSHOT/lib/log4j-1.2.17.jar:/home/simulator/hazelcast-simulator-0.12-SNAPSHOT/lib/slf4j-log4j12-1.7.21.jar:/home/simulator/hazelcast-simulator-0.12-SNAPSHOT/vendor-lib/maven-4.1-SNAPSHOT/hazelcast-4.1-SNAPSHOT.jar:/home/simulator/hazelcast-simulator-0.12-SNAPSHOT/drivers/driver-hazelcast4/driver-hazelcast4-0.12-SNAPSHOT.jar:/home/simulator/hazelcast-simulator-0.12-SNAPSHOT/drivers/driver-hazelcast4/hazelcast-4.0.jar:/home/simulator/hazelcast-simulator-0.12-SNAPSHOT/drivers/driver-hazelcast4/netty-buffer-4.1.43.Final.jar:/home/simulator/hazelcast-simulator-0.12-SNAPSHOT/drivers/driver-hazelcast4/netty-codec-4.1.43.Final.jar:/home/simulator/hazelcast-simulator-0.12-SNAPSHOT/drivers/driver-hazelcast4/netty-common-4.1.43.Final.jar:/home/simulator/hazelcast-simulator-0.12-SNAPSHOT/drivers/driver-hazelcast4/netty-handler-4.1.43.Final.jar:/home/simulator/hazelcast-simulator-0.12-SNAPSHOT/drivers/driver-hazelcast4/netty-resolver-4.1.43.Final.jar:/home/simulator/hazelcast-simulator-0.12-SNAPSHOT/drivers/driver-hazelcast4/netty-tcnative-boringssl-static-2.0.27.Final.jar:/home/simulator/hazelcast-simulator-0.12-SNAPSHOT/drivers/driver-hazelcast4/netty-transport-4.1.43.Final.jar:/home/simulator/hazelcast-simulator-0.12-SNAPSHOT/drivers/driver-hazelcast4/netty-transport-native-epoll-4.1.28.Final-linux-x86_64.jar:/home/simulator/hazelcast-simulator-0.12-SNAPSHOT/drivers/driver-hazelcast4/netty-transport-native-epoll-4.1.28.Final.jar:/home/simulator/hazelcast-simulator-0.12-SNAPSHOT/drivers/driver-hazelcast4/netty-transport-native-unix-common-4.1.28.Final.jar
INFO  2020-06-03 08:16:29,458 [main] com.hazelcast.simulator.worker.Worker: java.home=/home/simulator/jdk1.8.0_161/jre
INFO  2020-06-03 08:16:29,458 [main] com.hazelcast.simulator.worker.Worker: java.vendor=Oracle Corporation
INFO  2020-06-03 08:16:29,458 [main] com.hazelcast.simulator.worker.Worker: java.vendor.url=http://java.oracle.com/
INFO  2020-06-03 08:16:29,458 [main] com.hazelcast.simulator.worker.Worker: sun.java.command=com.hazelcast.simulator.worker.Worker
INFO  2020-06-03 08:16:29,458 [main] com.hazelcast.simulator.worker.Worker: java.version=1.8.0_161
INFO  2020-06-03 08:16:29,458 [main] com.hazelcast.simulator.worker.Worker: os.arch=amd64
INFO  2020-06-03 08:16:29,458 [main] com.hazelcast.simulator.worker.Worker: os.name=Linux
INFO  2020-06-03 08:16:29,458 [main] com.hazelcast.simulator.worker.Worker: os.version=4.14.173-137.229.amzn2.x86_64
INFO  2020-06-03 08:16:29,458 [main] com.hazelcast.simulator.worker.Worker: user.dir=/home/simulator/hazelcast-simulator-0.12-SNAPSHOT/workers/2020-06-03__11_13_44/A1_W1-3.83.248.216-member
INFO  2020-06-03 08:16:29,458 [main] com.hazelcast.simulator.worker.Worker: user.home=/home/simulator/
INFO  2020-06-03 08:16:29,458 [main] com.hazelcast.simulator.worker.Worker: user.name=simulator
INFO  2020-06-03 08:16:29,458 [main] com.hazelcast.simulator.worker.Worker: SIMULATOR_HOME=null
INFO  2020-06-03 08:16:29,459 [main] com.hazelcast.simulator.worker.Worker: hazelcast.logging.type=null
INFO  2020-06-03 08:16:29,460 [main] com.hazelcast.simulator.worker.Worker: jvm.args=-Xms4G -Xmx4G -Dhazelcast.initial.min.cluster.size=1 -Dhazelcast.diagnostics.enabled=true -Dhazelcast.diagnostics.metric.level=mandatory -Dhazelcast.diagnostics.metrics.period.seconds=5 -Dhazelcast.diagnostics.max.rolled.file.size.mb=1000 -Dhazelcast.diagnostics.operationthreadsamples.period.seconds=30 -Dhazelcast.diagnostics.operationthreadsamples.includeName=true -XX:OnOutOfMemoryError="touch;-9;worker.oome" -Dlog4j.configuration=file:log4j.xml 
INFO  2020-06-03 08:16:29,460 [main] com.hazelcast.simulator.worker.Worker: process ID: 2617
INFO  2020-06-03 08:16:29,460 [main] com.hazelcast.simulator.worker.Worker: Public address: 3.83.248.216
INFO  2020-06-03 08:16:29,460 [main] com.hazelcast.simulator.protocol.Server: Starting server [tcp://10.0.0.109:9000] on topic [workers]
INFO  2020-06-03 08:16:29,631 [ActiveMQ Task-1] org.apache.activemq.transport.failover.FailoverTransport: Successfully connected to tcp://10.0.0.109:9000
INFO  2020-06-03 08:16:29,646 [main] com.hazelcast.simulator.protocol.Server: Using messageSelector [target='A1_W1']
INFO  2020-06-03 08:16:29,657 [main] com.hazelcast.simulator.protocol.Server: Successfully started server for A1_W1
INFO  2020-06-03 08:16:29,657 [main] com.hazelcast.simulator.worker.performance.PerformanceMonitor: PerformanceMonitor enabled with interval: 1 seconds
INFO  2020-06-03 08:16:29,658 [main] com.hazelcast.simulator.hazelcast4.Hazelcast4Driver: member HazelcastInstance starting
INFO  2020-06-03 08:16:31,463 [main] com.hazelcast.simulator.hazelcast4.Hazelcast4Driver: member HazelcastInstance started
INFO  2020-06-03 08:16:31,463 [main] com.hazelcast.simulator.hazelcast4.Hazelcast4Driver: Waiting for partition warmup
INFO  2020-06-03 08:16:31,468 [main] com.hazelcast.simulator.hazelcast4.Hazelcast4Driver: Partitions are warmed up successfully
INFO  2020-06-03 08:16:31,468 [main] com.hazelcast.simulator.hazelcast4.Hazelcast4Driver: Warmed up partitions
INFO  2020-06-03 08:16:31,469 [main] com.hazelcast.simulator.worker.Worker: ------------------------------------------------------------------------------------------
INFO  2020-06-03 08:16:31,469 [main] com.hazelcast.simulator.worker.Worker: --------------------------- Successfully started Worker #A1_W1 ---------------------------
INFO  2020-06-03 08:16:31,469 [main] com.hazelcast.simulator.worker.Worker: ------------------------------------------------------------------------------------------
WARN  2020-06-03 08:17:59,396 [Thread-0] com.hazelcast.simulator.worker.Worker: Terminating worker
WARN  2020-06-03 08:17:59,399 [Thread-0] org.apache.activemq.util.ThreadPoolUtils: Forcing shutdown of ExecutorService: java.util.concurrent.ThreadPoolExecutor@24501e05[Shutting down, pool size = 1, active threads = 0, queued tasks = 0, completed tasks = 7] due interrupted.
INFO  2020-06-03 08:17:59,399 [Thread-0] org.apache.activemq.util.ThreadPoolUtils: Shutdown of ExecutorService: java.util.concurrent.ThreadPoolExecutor@24501e05[Terminated, pool size = 0, active threads = 0, queued tasks = 0, completed tasks = 7] is shutdown: true and terminated: true took: 0.000 seconds.
INFO  2020-06-03 08:17:59,400 [Thread-0] com.hazelcast.simulator.protocol.Server: Server Stopped
INFO  2020-06-03 08:17:59,400 [Thread-0] com.hazelcast.simulator.protocol.Server: ServerThread finished
INFO  2020-06-03 08:17:59,401 [WorkerShutdownThread] com.hazelcast.simulator.hazelcast4.Hazelcast4Driver: Stopping HazelcastInstance...
INFO  2020-06-03 08:17:59,421 [WorkerShutdownThread] com.hazelcast.simulator.worker.performance.PerformanceMonitor: Shutting down WorkerPerformanceMonitor
INFO  2020-06-03 08:17:59,433 [WorkerShutdownThread] com.hazelcast.simulator.common.ShutdownThread: Stopping log4j...
